<?xml version="1.0" encoding="UTF-8"?>
<!-- Generated by org.testng.reporters.JUnitReportReporter -->
<testsuite skipped="0" hostname="DESKTOP-TI10KB2" name="ableToAddCategory.DropDown" tests="1" failures="0" timestamp="2022-02-10T08:43:39 CST" time="27.153" errors="0">
  <testcase name="DueDateDropdown" time="27.153" classname="ableToAddCategory.DropDown"/>
  <system-out/>
</testsuite> <!-- ableToAddCategory.DropDown -->
