<?xml version="1.0" encoding="UTF-8"?>
<!-- Generated by org.testng.reporters.JUnitReportReporter -->
<testsuite skipped="0" hostname="DESKTOP-TI10KB2" name="ableToAddCategory.AddCategory" tests="3" failures="0" timestamp="2021-12-29T21:21:43 CST" time="19.728" errors="0">
  <testcase name="AbletoAddCategory" time="3.592" classname="ableToAddCategory.AddCategory"/>
  <system-out/>
  <testcase name="NotAbleToAddDuplicate" time="9.294" classname="ableToAddCategory.AddCategory"/>
  <system-out/>
  <testcase name="DueDateDropdown" time="6.842" classname="ableToAddCategory.AddCategory"/>
  <system-out/>
</testsuite> <!-- ableToAddCategory.AddCategory -->
